[debug] [2021-03-22T10:11:37.647Z] ----------------------------------------------------------------------
[debug] [2021-03-22T10:11:37.650Z] Command:       C:\Program Files\nodejs\node.exe C:\Users\roshn\AppData\Roaming\npm\node_modules\firebase-tools\lib\bin\firebase.js init
[debug] [2021-03-22T10:11:37.650Z] CLI Version:   9.6.1
[debug] [2021-03-22T10:11:37.650Z] Platform:      win32
[debug] [2021-03-22T10:11:37.651Z] Node Version:  v14.16.0
[debug] [2021-03-22T10:11:37.652Z] Time:          Mon Mar 22 2021 15:41:37 GMT+0530 (India Standard Time)
[debug] [2021-03-22T10:11:37.652Z] ----------------------------------------------------------------------
[debug] [2021-03-22T10:11:37.652Z] 
[debug] [2021-03-22T10:11:37.660Z] > command requires scopes: ["email","openid","https://www.googleapis.com/auth/cloudplatformprojects.readonly","https://www.googleapis.com/auth/firebase","https://www.googleapis.com/auth/cloud-platform"]
[debug] [2021-03-22T10:11:37.661Z] > authorizing via signed-in user
[info] 
     ######## #### ########  ######## ########     ###     ######  ########
     ##        ##  ##     ## ##       ##     ##  ##   ##  ##       ##
     ######    ##  ########  ######   ########  #########  ######  ######
     ##        ##  ##    ##  ##       ##     ## ##     ##       ## ##
     ##       #### ##     ## ######## ########  ##     ##  ######  ########

You're about to initialize a Firebase project in this directory:

  C:\Users\roshn\Desktop\todoapp-react-firebase

[info] 
=== Project Setup
[info] 
[info] First, let's associate this project directory with a Firebase project.
[info] You can create multiple project aliases by running firebase use --add, 
[info] but for now we'll just set up a default project.
[info] 
[debug] [2021-03-22T10:12:07.644Z] > refreshing access token with scopes: []
[debug] [2021-03-22T10:12:07.645Z] >>> HTTP REQUEST POST https://www.googleapis.com/oauth2/v3/token  
 <request body omitted>
[debug] [2021-03-22T10:12:08.161Z] <<< HTTP RESPONSE 200 {"pragma":"no-cache","date":"Mon, 22 Mar 2021 10:12:07 GMT","cache-control":"no-cache, no-store, max-age=0, must-revalidate","expires":"Mon, 01 Jan 1990 00:00:00 GMT","content-type":"application/json; charset=utf-8","vary":"X-Origin, Referer, Origin,Accept-Encoding","server":"scaffolding on HTTPServer2","x-xss-protection":"0","x-frame-options":"SAMEORIGIN","x-content-type-options":"nosniff","alt-svc":"h3-29=\":443\"; ma=2592000,h3-T051=\":443\"; ma=2592000,h3-Q050=\":443\"; ma=2592000,h3-Q046=\":443\"; ma=2592000,h3-Q043=\":443\"; ma=2592000,quic=\":443\"; ma=2592000; v=\"46,43\"","accept-ranges":"none","transfer-encoding":"chunked"}
[debug] [2021-03-22T10:12:08.235Z] >>> [apiv2][query] GET https://firebase.googleapis.com/v1beta1/projects pageSize=100
[debug] [2021-03-22T10:12:09.001Z] <<< [apiv2][status] GET https://firebase.googleapis.com/v1beta1/projects 200
[debug] [2021-03-22T10:12:09.001Z] <<< [apiv2][body] GET https://firebase.googleapis.com/v1beta1/projects [omitted]
